<?xml version="1.0" encoding="UTF-8"?>
<!-- Generated by org.testng.reporters.JUnitXMLReporter -->
<testsuite hostname="Giridhars-MBP" ignored="0" name="Default test" tests="5" failures="0" timestamp="01 May 2020 07:40:41 GMT" time="27.978" errors="0">
  <testcase name="launchApp" time="6.703" classname="com.tests.SwagLabsTests"/>
  <testcase name="sort" time="6.812" classname="com.tests.SwagLabsTests"/>
  <testcase name="selectAProduct" time="9.993" classname="com.tests.SwagLabsTests"/>
  <testcase name="goToAboutPage" time="3.165" classname="com.tests.SwagLabsTests"/>
  <testcase name="logout" time="1.27" classname="com.tests.SwagLabsTests"/>
</testsuite> <!-- Default test -->
